This file contains any messages produced by compilers while
running configure, to aid debugging if configure makes a mistake.

configure:662: checking host system type
configure:683: checking target system type
configure:701: checking build system type
configure:972: checking for --with-svrcore
configure:1238: checking for --with-nss
configure:1261: checking for --with-nss-inc
configure:1283: checking for --with-nss-lib
configure:1526: checking for --with-nspr
configure:1554: checking for --with-nspr-inc
configure:1575: checking for --with-nspr-lib
configure:1938: checking for whoami
configure:2028: checking for c++
configure:2060: checking whether the C++ compiler (c++  ) works
configure:2076: c++ -o conftest    conftest.C  1>&5
configure:2102: checking whether the C++ compiler (c++  ) is a cross-compiler
configure:2107: checking whether we are using GNU C++
configure:2135: checking whether c++ accepts -g
configure:2172: checking for gcc
configure:2285: checking whether the C compiler (gcc  ) works
configure:2301: gcc -o conftest    conftest.c  1>&5
configure:2298:1: warning: return type defaults to 'int' [-Wimplicit-int]
 2298 | main(){return(0);}
      | ^~~~
configure:2327: checking whether the C compiler (gcc  ) is a cross-compiler
configure:2332: checking whether we are using GNU C
configure:2360: checking whether gcc accepts -g
configure:2393: checking how to run the C preprocessor
configure:2475: checking for ranlib
configure:2507: checking for as
configure:2548: checking for ar
configure:2589: checking for ld
configure:2630: checking for strip
configure:2671: checking for windres
configure:3462: checking for gcc -pipe support
dummy-hello.c: In function 'main':
dummy-hello.c:2:21: warning: missing terminating " character
    2 | int main() { printf("Hello World
      |                     ^
dummy-hello.c:2:21: error: missing terminating " character
    2 | int main() { printf("Hello World
      |                     ^~~~~~~~~~~~
dummy-hello.c:3:1: warning: missing terminating " character
    3 | "); exit(0); }
      | ^
dummy-hello.c:3:1: error: missing terminating " character
    3 | "); exit(0); }
      | ^~~~~~~~~~~~~~
dummy-hello.c:3:1: error: expected expression at end of input
dummy-hello.c:3:1: error: expected declaration or statement at end of input
configure:3484: gcc -c  -pipe  conftest.c 1>&5
configure:3517: checking for perl5
configure:5658: checking for dlopen
configure:5705: checking for dlopen in -ldl
configure:5752: checking whether gcc needs -traditional
configure:5800: checking for lchown
configure:5800: checking for strerror
configure:5800: checking for getaddrinfo
configure:5800: checking for getnameinfo
configure:5866: checking for pthread_create in -lpthreads
gcc -o dummy dummy.c  -pipe -ansi -Wall  -lpthreads  
dummy.c: In function 'foo':
dummy.c:3:30: warning: unused variable 'a' [-Wunused-variable]
    3 |     void *foo(void *v) { int a = 1;  }
      |                              ^
dummy.c: In function 'main':
dummy.c:9:9: warning: implicit declaration of function 'exit' [-Wimplicit-function-declaration]
    9 |         exit(0);
      |         ^~~~
dummy.c:9:9: warning: incompatible implicit declaration of built-in function 'exit'
dummy.c:3:1: note: include '<stdlib.h>' or provide a declaration of 'exit'
    2 |     #include <pthread.h>
  +++ |+#include <stdlib.h>
    3 |     void *foo(void *v) { int a = 1;  }
dummy.c: In function 'foo':
dummy.c:3:38: warning: control reaches end of non-void function [-Wreturn-type]
    3 |     void *foo(void *v) { int a = 1;  }
      |                                      ^
/usr/bin/ld: cannot find -lpthreads
collect2: error: ld returned 1 exit status
configure:5888: checking for pthread_create in -lpthread
gcc -o dummy dummy.c  -pipe -ansi -Wall  -lpthread  
dummy.c: In function 'foo':
dummy.c:3:30: warning: unused variable 'a' [-Wunused-variable]
    3 |     void *foo(void *v) { int a = 1;  }
      |                              ^
dummy.c: In function 'main':
dummy.c:9:9: warning: implicit declaration of function 'exit' [-Wimplicit-function-declaration]
    9 |         exit(0);
      |         ^~~~
dummy.c:9:9: warning: incompatible implicit declaration of built-in function 'exit'
dummy.c:3:1: note: include '<stdlib.h>' or provide a declaration of 'exit'
    2 |     #include <pthread.h>
  +++ |+#include <stdlib.h>
    3 |     void *foo(void *v) { int a = 1;  }
dummy.c: In function 'foo':
dummy.c:3:38: warning: control reaches end of non-void function [-Wreturn-type]
    3 |     void *foo(void *v) { int a = 1;  }
      |                                      ^
configure:6066: checking for --with-sasl
configure:6107: checking for --with-sasl-inc
configure:6127: checking for --with-sasl-lib
configure:6170: checking for getaddrinfo
configure:6398: checking for sasl_client_init in -lsasl2
configure:6436: checking for sasl_client_init in -lsasl
configure:6506: checking whether gcc accepts -pthread
